Using pre-set license
Built from '2020.3/staging' branch; Version is '2020.3.16f1 (049d6eca3c44) revision 302446'; Using compiler version '192528614'; Build Type 'Release'
OS: 'Windows 10 Pro; OS build 22000.434; Version 2009; 64bit' Language: 'en' Physical Memory: 32160 MB
BatchMode: 1, IsHumanControllingUs: 0, StartBugReporterOnCrash: 0, Is64bit: 1, IsPro: 0

 COMMAND LINE ARGUMENTS:
C:\Program Files\Unity\Hub\Editor\2020.3.16f1\Editor\Unity.exe
-adb2
-batchMode
-noUpm
-name
AssetImportWorker0
-projectPath
C:/Users/switt/Desktop/Mario Project/Unity/G10-Project-1
-logFile
Logs/AssetImportWorker0.log
-srvPort
56572
Successfully changed project path to: C:/Users/switt/Desktop/Mario Project/Unity/G10-Project-1
C:/Users/switt/Desktop/Mario Project/Unity/G10-Project-1
Using Asset Import Pipeline V2.
Refreshing native plugins compatible for Editor in 55.99 ms, found 7 plugins.
Preloading 0 native plugins for Editor in 0.00 ms.
Initialize engine version: 2020.3.16f1 (049d6eca3c44)
[Subsystems] Discovering subsystems at path C:/Program Files/Unity/Hub/Editor/2020.3.16f1/Editor/Data/Resources/UnitySubsystems
[Subsystems] Discovering subsystems at path C:/Users/switt/Desktop/Mario Project/Unity/G10-Project-1/Assets
GfxDevice: creating device client; threaded=0
Direct3D:
    Version:  Direct3D 11.0 [level 11.1]
    Renderer: NVIDIA GeForce RTX 3080 Laptop GPU (ID=0x249c)
    Vendor:   
    VRAM:     16202 MB
    Driver:   30.0.14.9649
Initialize mono
Mono path[0] = 'C:/Program Files/Unity/Hub/Editor/2020.3.16f1/Editor/Data/Managed'
Mono path[1] = 'C:/Program Files/Unity/Hub/Editor/2020.3.16f1/Editor/Data/MonoBleedingEdge/lib/mono/unityjit'
Mono config path = 'C:/Program Files/Unity/Hub/Editor/2020.3.16f1/Editor/Data/MonoBleedingEdge/etc'
Using monoOptions --debugger-agent=transport=dt_socket,embedding=1,server=y,suspend=n,address=127.0.0.1:56816
Begin MonoManager ReloadAssembly
Registering precompiled unity dll's ...
Register platform support module: C:/Program Files/Unity/Hub/Editor/2020.3.16f1/Editor/Data/PlaybackEngines/WebGLSupport/UnityEditor.WebGL.Extensions.dll
Register platform support module: C:/Program Files/Unity/Hub/Editor/2020.3.16f1/Editor/Data/PlaybackEngines/WindowsStandaloneSupport/UnityEditor.WindowsStandalone.Extensions.dll
Registered in 0.003082 seconds.
Native extension for WindowsStandalone target not found
Native extension for WebGL target not found
Refreshing native plugins compatible for Editor in 42.53 ms, found 7 plugins.
Preloading 0 native plugins for Editor in 0.00 ms.
Mono: successfully reloaded assembly
- Completed reload, in  1.268 seconds
Domain Reload Profiling:
	ReloadAssembly (1268ms)
		BeginReloadAssembly (56ms)
			ExecutionOrderSort (0ms)
			DisableScriptedObjects (0ms)
			BackupInstance (0ms)
			ReleaseScriptingObjects (0ms)
			CreateAndSetChildDomain (1ms)
		EndReloadAssembly (408ms)
			LoadAssemblies (53ms)
			RebuildTransferFunctionScriptingTraits (0ms)
			SetupTypeCache (135ms)
			ReleaseScriptCaches (0ms)
			RebuildScriptCaches (27ms)
			SetupLoadedEditorAssemblies (171ms)
				LogAssemblyErrors (0ms)
				InitializePlatformSupportModulesInManaged (5ms)
				SetLoadedEditorAssemblies (0ms)
				RefreshPlugins (43ms)
				BeforeProcessingInitializeOnLoad (13ms)
				ProcessInitializeOnLoadAttributes (82ms)
				ProcessInitializeOnLoadMethodAttributes (27ms)
				AfterProcessingInitializeOnLoad (0ms)
				EditorAssembliesLoaded (0ms)
			ExecutionOrderSort2 (0ms)
			AwakeInstancesAfterBackupRestoration (0ms)
Platform modules already initialized, skipping
Registering precompiled user dll's ...
Registered in 0.006093 seconds.
Begin MonoManager ReloadAssembly
Native extension for WindowsStandalone target not found
Native extension for WebGL target not found
Refreshing native plugins compatible for Editor in 42.51 ms, found 7 plugins.
Preloading 0 native plugins for Editor in 0.00 ms.
Mono: successfully reloaded assembly
Fallback handler could not load library C:/Program Files/Unity/Hub/Editor/2020.3.16f1/Editor/Data/Mono/lib/libdl
Fallback handler could not load library C:/Program Files/Unity/Hub/Editor/2020.3.16f1/Editor/Data/Mono/lib/libdl.dll
Fallback handler could not load library C:/Program Files/Unity/Hub/Editor/2020.3.16f1/Editor/Data/Mono/lib/libdl
Fallback handler could not load library C:/Program Files/Unity/Hub/Editor/2020.3.16f1/Editor/Data/Mono/lib/libdl
Fallback handler could not load library C:/Program Files/Unity/Hub/Editor/2020.3.16f1/Editor/Data/Mono/lib/libdl.dll
Fallback handler could not load library C:/Program Files/Unity/Hub/Editor/2020.3.16f1/Editor/Data/Mono/lib/libdl
- Completed reload, in  1.113 seconds
Domain Reload Profiling:
	ReloadAssembly (1114ms)
		BeginReloadAssembly (140ms)
			ExecutionOrderSort (0ms)
			DisableScriptedObjects (5ms)
			BackupInstance (0ms)
			ReleaseScriptingObjects (0ms)
			CreateAndSetChildDomain (21ms)
		EndReloadAssembly (911ms)
			LoadAssemblies (98ms)
			RebuildTransferFunctionScriptingTraits (0ms)
			SetupTypeCache (264ms)
			ReleaseScriptCaches (1ms)
			RebuildScriptCaches (45ms)
			SetupLoadedEditorAssemblies (357ms)
				LogAssemblyErrors (0ms)
				InitializePlatformSupportModulesInManaged (5ms)
				SetLoadedEditorAssemblies (0ms)
				RefreshPlugins (43ms)
				BeforeProcessingInitializeOnLoad (79ms)
				ProcessInitializeOnLoadAttributes (215ms)
				ProcessInitializeOnLoadMethodAttributes (8ms)
				AfterProcessingInitializeOnLoad (8ms)
				EditorAssembliesLoaded (0ms)
			ExecutionOrderSort2 (0ms)
			AwakeInstancesAfterBackupRestoration (7ms)
Platform modules already initialized, skipping
========================================================================
Worker process is ready to serve import requests
Launched and connected shader compiler UnityShaderCompiler.exe after 0.04 seconds
Refreshing native plugins compatible for Editor in 0.86 ms, found 7 plugins.
Preloading 0 native plugins for Editor in 0.00 ms.
Unloading 2093 Unused Serialized files (Serialized files now loaded: 0)
System memory in use before: 94.2 MB.
System memory in use after: 94.3 MB.

Unloading 58 unused Assets to reduce memory usage. Loaded Objects now: 2503.
Total: 3.671300 ms (FindLiveObjects: 0.221800 ms CreateObjectMapping: 0.056500 ms MarkObjects: 3.311200 ms  DeleteObjects: 0.080700 ms)

AssetImportParameters requested are different than current active one (requested -> active):
  custom:framework-win-MediaFoundation: 216162199b28c13a410421893ffa2e32 -> 
  custom:video-decoder-ogg-theora: a1e56fd34408186e4bbccfd4996cb3dc -> 
  custom:container-muxer-webm: aa71ff27fc2769a1b78a27578f13a17b -> 
  custom:container-demuxer-webm: 4f35f7cbe854078d1ac9338744f61a02 -> 
  custom:container-demuxer-ogg: 62fdf1f143b41e24485cea50d1cbac27 -> 
  custom:video-encoder-webm-vp8: eb34c28f22e8b96e1ab97ce403110664 -> 
  custom:video-codec-MediaFoundation-h265: 746d11721c4dcdbdad8f713fa42b33f4 -> 
  custom:video-decoder-webm-vp8: 9c59270c3fd7afecdb556c50c9e8de78 -> 
  custom:audio-decoder-ogg-vorbis: bf7c407c2cedff20999df2af8eb42d56 -> 
  custom:audio-encoder-webm-vorbis: bf7c407c2cedff20999df2af8eb42d56 -> 
========================================================================
Received Import Request.
  path: Assets/Materials/Bush.mat
  artifactKey: Guid(781d938cb08b70d45b7db55ab409fa85) Importer(815301076,1909f56bfc062723c751e8b465ee728b)
Start importing Assets/Materials/Bush.mat using Guid(781d938cb08b70d45b7db55ab409fa85) Importer(815301076,1909f56bfc062723c751e8b465ee728b)  -> (artifact id: '61fbdbe898eaddb2a3da81226af68cf7') in 0.109301 seconds 
  Import took 0.113020 seconds .

========================================================================
Received Import Request.
  Time since last request: 0.000221 seconds.
  path: Assets/Materials/Cloud.mat
  artifactKey: Guid(52a8a56fac7a79042bd169fe71fda1af) Importer(815301076,1909f56bfc062723c751e8b465ee728b)
Start importing Assets/Materials/Cloud.mat using Guid(52a8a56fac7a79042bd169fe71fda1af) Importer(815301076,1909f56bfc062723c751e8b465ee728b)  -> (artifact id: 'ad76346225da0fffd688676b16c3d884') in 0.011738 seconds 
  Import took 0.015089 seconds .

========================================================================
Received Import Request.
  Time since last request: 0.000181 seconds.
  path: Assets/Materials/TempMario.mat
  artifactKey: Guid(8006e4abe1524b343beb5a6afa06987e) Importer(815301076,1909f56bfc062723c751e8b465ee728b)
Start importing Assets/Materials/TempMario.mat using Guid(8006e4abe1524b343beb5a6afa06987e) Importer(815301076,1909f56bfc062723c751e8b465ee728b)  -> (artifact id: '257ceb023e8aa2e9525ff3519c266f9f') in 0.015709 seconds 
  Import took 0.019059 seconds .

========================================================================
Received Import Request.
  Time since last request: 0.000176 seconds.
  path: Assets/Materials/FrictionTest.physicMaterial
  artifactKey: Guid(4ef203800fe33fd4dae1bda5a0739ab2) Importer(815301076,1909f56bfc062723c751e8b465ee728b)
Start importing Assets/Materials/FrictionTest.physicMaterial using Guid(4ef203800fe33fd4dae1bda5a0739ab2) Importer(815301076,1909f56bfc062723c751e8b465ee728b)  -> (artifact id: '3e5ca5d82abab3912a69405ee5c40f0c') in 0.012105 seconds 
  Import took 0.015384 seconds .

========================================================================
Received Import Request.
  Time since last request: 0.000175 seconds.
  path: Assets/Materials
  artifactKey: Guid(b56ca35a72c710e4f904fa19d9076771) Importer(815301076,1909f56bfc062723c751e8b465ee728b)
Start importing Assets/Materials using Guid(b56ca35a72c710e4f904fa19d9076771) Importer(815301076,1909f56bfc062723c751e8b465ee728b)  -> (artifact id: 'e51ff52bf62cb12007cd12b59b5c6f20') in 0.002762 seconds 
  Import took 0.005992 seconds .

========================================================================
Received Import Request.
  Time since last request: 0.000224 seconds.
  path: Assets/Materials/Hills.mat
  artifactKey: Guid(b9e0c79517df8d04c8554a53839bde71) Importer(815301076,1909f56bfc062723c751e8b465ee728b)
Start importing Assets/Materials/Hills.mat using Guid(b9e0c79517df8d04c8554a53839bde71) Importer(815301076,1909f56bfc062723c751e8b465ee728b)  -> (artifact id: 'f5da598fee339b6239c8f4acedad750e') in 0.010627 seconds 
  Import took 0.014005 seconds .

========================================================================
Received Import Request.
  Time since last request: 0.000191 seconds.
  path: Assets/Materials/FrictionTest.physicMaterial
  artifactKey: Guid(4ef203800fe33fd4dae1bda5a0739ab2) Importer(815301076,1909f56bfc062723c751e8b465ee728b)
Start importing Assets/Materials/FrictionTest.physicMaterial using Guid(4ef203800fe33fd4dae1bda5a0739ab2) Importer(815301076,1909f56bfc062723c751e8b465ee728b)  -> (artifact id: '3e5ca5d82abab3912a69405ee5c40f0c') in 0.004193 seconds 
  Import took 0.008242 seconds .

========================================================================
Received Import Request.
  Time since last request: 0.000196 seconds.
  path: Assets/Materials/Sky.mat
  artifactKey: Guid(4670c28156c1e344c9734ed25d6163a0) Importer(815301076,1909f56bfc062723c751e8b465ee728b)
Start importing Assets/Materials/Sky.mat using Guid(4670c28156c1e344c9734ed25d6163a0) Importer(815301076,1909f56bfc062723c751e8b465ee728b)  -> (artifact id: 'a3bac47a66641d97c0c624529b054d47') in 0.012147 seconds 
  Import took 0.015416 seconds .

========================================================================
Received Prepare
Registering precompiled user dll's ...
Registered in 0.004862 seconds.
Begin MonoManager ReloadAssembly
Fallback handler could not load library C:/Program Files/Unity/Hub/Editor/2020.3.16f1/Editor/Data/Mono/lib/libdl
Fallback handler could not load library C:/Program Files/Unity/Hub/Editor/2020.3.16f1/Editor/Data/Mono/lib/libdl.dll
Fallback handler could not load library C:/Program Files/Unity/Hub/Editor/2020.3.16f1/Editor/Data/Mono/lib/libdl
Native extension for WindowsStandalone target not found
Native extension for WebGL target not found
Refreshing native plugins compatible for Editor in 0.86 ms, found 7 plugins.
Preloading 0 native plugins for Editor in 0.00 ms.
Mono: successfully reloaded assembly
Fallback handler could not load library C:/Program Files/Unity/Hub/Editor/2020.3.16f1/Editor/Data/Mono/lib/libdl
Fallback handler could not load library C:/Program Files/Unity/Hub/Editor/2020.3.16f1/Editor/Data/Mono/lib/libdl.dll
Fallback handler could not load library C:/Program Files/Unity/Hub/Editor/2020.3.16f1/Editor/Data/Mono/lib/libdl
Fallback handler could not load library C:/Program Files/Unity/Hub/Editor/2020.3.16f1/Editor/Data/Mono/lib/libdl
Fallback handler could not load library C:/Program Files/Unity/Hub/Editor/2020.3.16f1/Editor/Data/Mono/lib/libdl.dll
Fallback handler could not load library C:/Program Files/Unity/Hub/Editor/2020.3.16f1/Editor/Data/Mono/lib/libdl
- Completed reload, in  1.004 seconds
Domain Reload Profiling:
	ReloadAssembly (1004ms)
		BeginReloadAssembly (155ms)
			ExecutionOrderSort (0ms)
			DisableScriptedObjects (4ms)
			BackupInstance (0ms)
			ReleaseScriptingObjects (0ms)
			CreateAndSetChildDomain (35ms)
		EndReloadAssembly (794ms)
			LoadAssemblies (82ms)
			RebuildTransferFunctionScriptingTraits (0ms)
			SetupTypeCache (228ms)
			ReleaseScriptCaches (1ms)
			RebuildScriptCaches (34ms)
			SetupLoadedEditorAssemblies (346ms)
				LogAssemblyErrors (0ms)
				InitializePlatformSupportModulesInManaged (6ms)
				SetLoadedEditorAssemblies (0ms)
				RefreshPlugins (1ms)
				BeforeProcessingInitializeOnLoad (106ms)
				ProcessInitializeOnLoadAttributes (222ms)
				ProcessInitializeOnLoadMethodAttributes (4ms)
				AfterProcessingInitializeOnLoad (7ms)
				EditorAssembliesLoaded (0ms)
			ExecutionOrderSort2 (0ms)
			AwakeInstancesAfterBackupRestoration (8ms)
Platform modules already initialized, skipping
Refreshing native plugins compatible for Editor in 0.83 ms, found 7 plugins.
Preloading 0 native plugins for Editor in 0.00 ms.
Unloading 2081 Unused Serialized files (Serialized files now loaded: 0)
System memory in use before: 96.7 MB.
System memory in use after: 96.8 MB.

Unloading 51 unused Assets to reduce memory usage. Loaded Objects now: 2545.
Total: 3.327200 ms (FindLiveObjects: 0.218200 ms CreateObjectMapping: 0.080400 ms MarkObjects: 2.998200 ms  DeleteObjects: 0.029400 ms)

AssetImportParameters requested are different than current active one (requested -> active):
  custom:framework-win-MediaFoundation: 216162199b28c13a410421893ffa2e32 -> 
  custom:video-decoder-ogg-theora: a1e56fd34408186e4bbccfd4996cb3dc -> 
  custom:container-muxer-webm: aa71ff27fc2769a1b78a27578f13a17b -> 
  custom:container-demuxer-webm: 4f35f7cbe854078d1ac9338744f61a02 -> 
  custom:container-demuxer-ogg: 62fdf1f143b41e24485cea50d1cbac27 -> 
  custom:video-encoder-webm-vp8: eb34c28f22e8b96e1ab97ce403110664 -> 
  custom:video-codec-MediaFoundation-h265: 746d11721c4dcdbdad8f713fa42b33f4 -> 
  custom:video-decoder-webm-vp8: 9c59270c3fd7afecdb556c50c9e8de78 -> 
  custom:audio-decoder-ogg-vorbis: bf7c407c2cedff20999df2af8eb42d56 -> 
  custom:audio-encoder-webm-vorbis: bf7c407c2cedff20999df2af8eb42d56 -> 
========================================================================
Received Import Request.
  Time since last request: 759.082157 seconds.
  path: Assets/Scripts/Block_script.cs
  artifactKey: Guid(9a7b4a85f628fe747b4bb07c877f71a6) Importer(815301076,1909f56bfc062723c751e8b465ee728b)
Start importing Assets/Scripts/Block_script.cs using Guid(9a7b4a85f628fe747b4bb07c877f71a6) Importer(815301076,1909f56bfc062723c751e8b465ee728b)  -> (artifact id: '3c2e115f154bab2673a4419c8a72927b') in 0.015034 seconds 
  Import took 0.018992 seconds .

========================================================================
Received Import Request.
  Time since last request: 0.000800 seconds.
  path: Assets/Scripts/Block_script.cs
  artifactKey: Guid(9a7b4a85f628fe747b4bb07c877f71a6) Importer(815301076,1909f56bfc062723c751e8b465ee728b)
Start importing Assets/Scripts/Block_script.cs using Guid(9a7b4a85f628fe747b4bb07c877f71a6) Importer(815301076,1909f56bfc062723c751e8b465ee728b)  -> (artifact id: '3c2e115f154bab2673a4419c8a72927b') in 0.002598 seconds 
  Import took 0.005890 seconds .

========================================================================
Received Import Request.
  Time since last request: 17.869139 seconds.
  path: Assets/Prefabs/Block.prefab
  artifactKey: Guid(df6c97f2b05486c49bd2cf9c3f4c68ea) Importer(815301076,1909f56bfc062723c751e8b465ee728b)
Start importing Assets/Prefabs/Block.prefab using Guid(df6c97f2b05486c49bd2cf9c3f4c68ea) Importer(815301076,1909f56bfc062723c751e8b465ee728b)  -> (artifact id: '7566ff26fade55be961878182c30562e') in 0.058725 seconds 
  Import took 0.062692 seconds .

========================================================================
Received Import Request.
  Time since last request: 0.000193 seconds.
  path: Assets/Prefabs/Cloud3.prefab
  artifactKey: Guid(ee1b8a62ae3b0c249a3da681280e049a) Importer(815301076,1909f56bfc062723c751e8b465ee728b)
Start importing Assets/Prefabs/Cloud3.prefab using Guid(ee1b8a62ae3b0c249a3da681280e049a) Importer(815301076,1909f56bfc062723c751e8b465ee728b)  -> (artifact id: 'cdfbc29033a43b4ac77901f92b014d0f') in 0.013104 seconds 
  Import took 0.016699 seconds .

========================================================================
Received Import Request.
  Time since last request: 0.000169 seconds.
  path: Assets/Prefabs/Pipe_High.prefab
  artifactKey: Guid(9dcd9a305aa14b845b7566df97815542) Importer(815301076,1909f56bfc062723c751e8b465ee728b)
Start importing Assets/Prefabs/Pipe_High.prefab using Guid(9dcd9a305aa14b845b7566df97815542) Importer(815301076,1909f56bfc062723c751e8b465ee728b)  -> (artifact id: '0e72fd6151b559586a0b7bdca461b677') in 0.024381 seconds 
  Import took 0.027736 seconds .

========================================================================
Received Import Request.
  Time since last request: 0.000182 seconds.
  path: Assets/Prefabs/Hill_large.prefab
  artifactKey: Guid(c107ef784740d544496d92c4ab64276e) Importer(815301076,1909f56bfc062723c751e8b465ee728b)
Start importing Assets/Prefabs/Hill_large.prefab using Guid(c107ef784740d544496d92c4ab64276e) Importer(815301076,1909f56bfc062723c751e8b465ee728b)  -> (artifact id: 'e1cc47e3552e1b56e669bc73ee65a990') in 0.014547 seconds 
  Import took 0.018080 seconds .

========================================================================
Received Import Request.
  Time since last request: 0.000184 seconds.
  path: Assets/Prefabs/Step.prefab
  artifactKey: Guid(f2c6048c9e795d549879685dff0de597) Importer(815301076,1909f56bfc062723c751e8b465ee728b)
Start importing Assets/Prefabs/Step.prefab using Guid(f2c6048c9e795d549879685dff0de597) Importer(815301076,1909f56bfc062723c751e8b465ee728b)  -> (artifact id: 'f5d409ec24c7cadd86100b7be3b96f4b') in 0.010142 seconds 
  Import took 0.013659 seconds .

========================================================================
Received Import Request.
  Time since last request: 0.000177 seconds.
  path: Assets/Prefabs/Cloud2.prefab
  artifactKey: Guid(eb8e8b0aa1bb36d40b7bbbf272292f35) Importer(815301076,1909f56bfc062723c751e8b465ee728b)
Start importing Assets/Prefabs/Cloud2.prefab using Guid(eb8e8b0aa1bb36d40b7bbbf272292f35) Importer(815301076,1909f56bfc062723c751e8b465ee728b)  -> (artifact id: '690a27f7aa1120b656575b701b3b3bd5') in 0.010022 seconds 
  Import took 0.013545 seconds .

========================================================================
Received Import Request.
  Time since last request: 0.000252 seconds.
  path: Assets/Prefabs/Coopa.prefab
  artifactKey: Guid(037397e2e9488bd42b7970d5054444ae) Importer(815301076,1909f56bfc062723c751e8b465ee728b)
Start importing Assets/Prefabs/Coopa.prefab using Guid(037397e2e9488bd42b7970d5054444ae) Importer(815301076,1909f56bfc062723c751e8b465ee728b)  -> (artifact id: '892606e090bb042a33f3182241baca39') in 0.021476 seconds 
  Import took 0.025709 seconds .

========================================================================
Received Import Request.
  Time since last request: 0.000189 seconds.
  path: Assets/Prefabs/Pipe_Low.prefab
  artifactKey: Guid(ffc2a7b7300c81f4b93951452d9d9fb8) Importer(815301076,1909f56bfc062723c751e8b465ee728b)
Start importing Assets/Prefabs/Pipe_Low.prefab using Guid(ffc2a7b7300c81f4b93951452d9d9fb8) Importer(815301076,1909f56bfc062723c751e8b465ee728b)  -> (artifact id: '54beea06712d5f2f11a0cfcccf10dc86') in 0.010913 seconds 
  Import took 0.014714 seconds .

========================================================================
Received Import Request.
  Time since last request: 0.000179 seconds.
  path: Assets/Prefabs/Goomba (1).prefab
  artifactKey: Guid(c1bb8627333605644b8c922907fab700) Importer(815301076,1909f56bfc062723c751e8b465ee728b)
Start importing Assets/Prefabs/Goomba (1).prefab using Guid(c1bb8627333605644b8c922907fab700) Importer(815301076,1909f56bfc062723c751e8b465ee728b)  -> (artifact id: '7fc62f99f91c8934765a3a66b6bea894') in 0.012015 seconds 
  Import took 0.015921 seconds .

========================================================================
Received Import Request.
  Time since last request: 0.000170 seconds.
  path: Assets/Prefabs/Hill_small.prefab
  artifactKey: Guid(6f7ec3a2d1b222c4080f430f49529c69) Importer(815301076,1909f56bfc062723c751e8b465ee728b)
Start importing Assets/Prefabs/Hill_small.prefab using Guid(6f7ec3a2d1b222c4080f430f49529c69) Importer(815301076,1909f56bfc062723c751e8b465ee728b)  -> (artifact id: 'f8e9d1945ea3ea4393ba28562abc1cc0') in 0.010155 seconds 
  Import took 0.013920 seconds .

========================================================================
Received Import Request.
  Time since last request: 0.000177 seconds.
  path: Assets/Prefabs/Cloud1.prefab
  artifactKey: Guid(10242b0c89574ad44836354c2ba34c20) Importer(815301076,1909f56bfc062723c751e8b465ee728b)
Start importing Assets/Prefabs/Cloud1.prefab using Guid(10242b0c89574ad44836354c2ba34c20) Importer(815301076,1909f56bfc062723c751e8b465ee728b)  -> (artifact id: '3e40f93be114843d833dc9bfa28ba78d') in 0.010178 seconds 
  Import took 0.013849 seconds .

========================================================================
Received Import Request.
  Time since last request: 0.000181 seconds.
  path: Assets/Prefabs/DoubleBush.prefab
  artifactKey: Guid(51529a76e373c9041bc85d218fe3785c) Importer(815301076,1909f56bfc062723c751e8b465ee728b)
Start importing Assets/Prefabs/DoubleBush.prefab using Guid(51529a76e373c9041bc85d218fe3785c) Importer(815301076,1909f56bfc062723c751e8b465ee728b)  -> (artifact id: '6419e3dea30384a81d1d17c81f9e202f') in 0.010516 seconds 
  Import took 0.014289 seconds .

========================================================================
Received Import Request.
  Time since last request: 0.000217 seconds.
  path: Assets/Prefabs/SingleBush.prefab
  artifactKey: Guid(f465bb0cfa652f34fa1b8bde2512aaee) Importer(815301076,1909f56bfc062723c751e8b465ee728b)
Start importing Assets/Prefabs/SingleBush.prefab using Guid(f465bb0cfa652f34fa1b8bde2512aaee) Importer(815301076,1909f56bfc062723c751e8b465ee728b)  -> (artifact id: '20f124dab7dee81e4ba76f481876a691') in 0.010272 seconds 
  Import took 0.014137 seconds .

========================================================================
Received Import Request.
  Time since last request: 0.000193 seconds.
  path: Assets/Prefabs/TrippleBush.prefab
  artifactKey: Guid(33e92f6a68bf7aa4aac63e01c2aae2c1) Importer(815301076,1909f56bfc062723c751e8b465ee728b)
Start importing Assets/Prefabs/TrippleBush.prefab using Guid(33e92f6a68bf7aa4aac63e01c2aae2c1) Importer(815301076,1909f56bfc062723c751e8b465ee728b)  -> (artifact id: 'd97ebecc9422788184ccb3ceaaac3708') in 0.009834 seconds 
  Import took 0.013517 seconds .

========================================================================
Received Import Request.
  Time since last request: 0.000176 seconds.
  path: Assets/Prefabs/Pipe_Med (1).prefab
  artifactKey: Guid(e4e5667bd38dc804183bb2867b61163a) Importer(815301076,1909f56bfc062723c751e8b465ee728b)
Start importing Assets/Prefabs/Pipe_Med (1).prefab using Guid(e4e5667bd38dc804183bb2867b61163a) Importer(815301076,1909f56bfc062723c751e8b465ee728b)  -> (artifact id: '3616455f0a4fd3a36e778a3472e668e2') in 0.011591 seconds 
  Import took 0.015234 seconds .

========================================================================
Received Import Request.
  Time since last request: 15.579029 seconds.
  path: Assets/Animations/CubeAnimation.anim
  artifactKey: Guid(16b31bc3802c5ed44a7bc45fbd96c3c5) Importer(815301076,1909f56bfc062723c751e8b465ee728b)
Start importing Assets/Animations/CubeAnimation.anim using Guid(16b31bc3802c5ed44a7bc45fbd96c3c5) Importer(815301076,1909f56bfc062723c751e8b465ee728b)  -> (artifact id: '007190fb33a30c797b494366d6df8669') in 0.006239 seconds 
  Import took 0.010885 seconds .

========================================================================
Received Import Request.
  Time since last request: 91.735921 seconds.
  path: Assets/Animations/BlockBounce.anim
  artifactKey: Guid(07a632e6777d94a48bfecf48b471634e) Importer(815301076,1909f56bfc062723c751e8b465ee728b)
Start importing Assets/Animations/BlockBounce.anim using Guid(07a632e6777d94a48bfecf48b471634e) Importer(815301076,1909f56bfc062723c751e8b465ee728b)  -> (artifact id: 'e39cbe6426970162b2ab62f60172bdb8') in 0.003847 seconds 
  Import took 0.008223 seconds .

========================================================================
Received Import Request.
  Time since last request: 29.829575 seconds.
  path: Assets/Models/DoubleBush.fbx
  artifactKey: Guid(249f12f9b572ce847bcf91774c2ca255) Importer(815301076,1909f56bfc062723c751e8b465ee728b)
Start importing Assets/Models/DoubleBush.fbx using Guid(249f12f9b572ce847bcf91774c2ca255) Importer(815301076,1909f56bfc062723c751e8b465ee728b)  -> (artifact id: '4fcb1ac5b848b71705fd8b979260f1f3') in 0.103453 seconds 
  Import took 0.107444 seconds .

========================================================================
Received Import Request.
  Time since last request: 0.000215 seconds.
  path: Assets/Models/Ground3.fbx
  artifactKey: Guid(bbd3d6fe23f98e94fbc9a4f4bcc5e375) Importer(815301076,1909f56bfc062723c751e8b465ee728b)
Start importing Assets/Models/Ground3.fbx using Guid(bbd3d6fe23f98e94fbc9a4f4bcc5e375) Importer(815301076,1909f56bfc062723c751e8b465ee728b)  -> (artifact id: '41125fcaa4f38e31a8c2a18dfeaffe6e') in 0.021352 seconds 
  Import took 0.024875 seconds .

========================================================================
Received Import Request.
  Time since last request: 0.000188 seconds.
  path: Assets/Models/Underground.fbx
  artifactKey: Guid(3629d651f2cb59d469addbf1f5ec7b3c) Importer(815301076,1909f56bfc062723c751e8b465ee728b)
Start importing Assets/Models/Underground.fbx using Guid(3629d651f2cb59d469addbf1f5ec7b3c) Importer(815301076,1909f56bfc062723c751e8b465ee728b)  -> (artifact id: '63aae49bd4109e111952f2a8a932e750') in 0.090386 seconds 
  Import took 0.094278 seconds .

========================================================================
Received Import Request.
  Time since last request: 0.000181 seconds.
  path: Assets/Models/SingleBush.fbx
  artifactKey: Guid(35a40ce4db3cb5242842eee752f571ef) Importer(815301076,1909f56bfc062723c751e8b465ee728b)
Start importing Assets/Models/SingleBush.fbx using Guid(35a40ce4db3cb5242842eee752f571ef) Importer(815301076,1909f56bfc062723c751e8b465ee728b)  -> (artifact id: 'e9359be473af0015a3105df75e32c89d') in 0.049278 seconds 
  Import took 0.052806 seconds .

========================================================================
Received Import Request.
  Time since last request: 0.000203 seconds.
  path: Assets/Models/Ground1.fbx
  artifactKey: Guid(ba6a2745ea53c7945bc3168ec6574580) Importer(815301076,1909f56bfc062723c751e8b465ee728b)
Start importing Assets/Models/Ground1.fbx using Guid(ba6a2745ea53c7945bc3168ec6574580) Importer(815301076,1909f56bfc062723c751e8b465ee728b)  -> (artifact id: '67454bfbaa7a9cf655f9e1716d83e475') in 0.063044 seconds 
  Import took 0.066647 seconds .

========================================================================
Received Import Request.
  Time since last request: 0.000193 seconds.
  path: Assets/Models/Ground4.fbx
  artifactKey: Guid(b9d78ab919229a44190c74c7bb35a383) Importer(815301076,1909f56bfc062723c751e8b465ee728b)
Start importing Assets/Models/Ground4.fbx using Guid(b9d78ab919229a44190c74c7bb35a383) Importer(815301076,1909f56bfc062723c751e8b465ee728b)  -> (artifact id: '34dc7eb6982b111ca9453cf81cb5f379') in 0.059491 seconds 
  Import took 0.063799 seconds .

========================================================================
Received Import Request.
  Time since last request: 0.000193 seconds.
  path: Assets/Models/TrippleBush.fbx
  artifactKey: Guid(1399f56c8f37adb41b0ef2b1deaff821) Importer(815301076,1909f56bfc062723c751e8b465ee728b)
Start importing Assets/Models/TrippleBush.fbx using Guid(1399f56c8f37adb41b0ef2b1deaff821) Importer(815301076,1909f56bfc062723c751e8b465ee728b)  -> (artifact id: 'a9b86bf1f050309fb848387cb3242889') in 0.036664 seconds 
  Import took 0.040244 seconds .

========================================================================
Received Import Request.
  Time since last request: 0.000198 seconds.
  path: Assets/Models/Hill_small.fbx
  artifactKey: Guid(d30e81a3ef96aef43ac6b73fcd7f7fd1) Importer(815301076,1909f56bfc062723c751e8b465ee728b)
Start importing Assets/Models/Hill_small.fbx using Guid(d30e81a3ef96aef43ac6b73fcd7f7fd1) Importer(815301076,1909f56bfc062723c751e8b465ee728b)  -> (artifact id: '70c893183b1f44465b8fe2f47f8dd016') in 0.017864 seconds 
  Import took 0.021217 seconds .

========================================================================
Received Import Request.
  Time since last request: 0.000185 seconds.
  path: Assets/Models/Ground2.fbx
  artifactKey: Guid(c31d944137a2c7146b0b971fa6f2454c) Importer(815301076,1909f56bfc062723c751e8b465ee728b)
Start importing Assets/Models/Ground2.fbx using Guid(c31d944137a2c7146b0b971fa6f2454c) Importer(815301076,1909f56bfc062723c751e8b465ee728b)  -> (artifact id: '37b0bd84481fe9dc264848d49f791b9e') in 0.019396 seconds 
  Import took 0.023352 seconds .

========================================================================
Received Import Request.
  Time since last request: 0.000186 seconds.
  path: Assets/Models/Hill_large.fbx
  artifactKey: Guid(be4ce560c4b15364b88378409df1192e) Importer(815301076,1909f56bfc062723c751e8b465ee728b)
Start importing Assets/Models/Hill_large.fbx using Guid(be4ce560c4b15364b88378409df1192e) Importer(815301076,1909f56bfc062723c751e8b465ee728b)  -> (artifact id: '18130656c141d492a60c3fad215a66c1') in 0.018627 seconds 
  Import took 0.022342 seconds .

========================================================================
Received Import Request.
  Time since last request: 147.223696 seconds.
  path: Assets/Animations/BlockBounce2.anim
  artifactKey: Guid(00ded0b52ad8b5e47bcc54474ae24160) Importer(815301076,1909f56bfc062723c751e8b465ee728b)
Start importing Assets/Animations/BlockBounce2.anim using Guid(00ded0b52ad8b5e47bcc54474ae24160) Importer(815301076,1909f56bfc062723c751e8b465ee728b)  -> (artifact id: '5c234dfe2170d59297d65425120196ea') in 0.003930 seconds 
  Import took 0.007860 seconds .

========================================================================
Received Import Request.
  Time since last request: 7.761879 seconds.
  path: Assets/Animations/Block (2).controller
  artifactKey: Guid(7db30fc09fae52b4f8c5fbb1a0d30f0c) Importer(815301076,1909f56bfc062723c751e8b465ee728b)
Start importing Assets/Animations/Block (2).controller using Guid(7db30fc09fae52b4f8c5fbb1a0d30f0c) Importer(815301076,1909f56bfc062723c751e8b465ee728b)  -> (artifact id: '6f4a349d17a5b393178a464da1ca0b8c') in 0.006247 seconds 
  Import took 0.010118 seconds .

========================================================================
Received Prepare
Registering precompiled user dll's ...
Registered in 0.004704 seconds.
Begin MonoManager ReloadAssembly
Fallback handler could not load library C:/Program Files/Unity/Hub/Editor/2020.3.16f1/Editor/Data/Mono/lib/libdl
Fallback handler could not load library C:/Program Files/Unity/Hub/Editor/2020.3.16f1/Editor/Data/Mono/lib/libdl.dll
Fallback handler could not load library C:/Program Files/Unity/Hub/Editor/2020.3.16f1/Editor/Data/Mono/lib/libdl
Native extension for WindowsStandalone target not found
Native extension for WebGL target not found
Refreshing native plugins compatible for Editor in 0.78 ms, found 7 plugins.
Preloading 0 native plugins for Editor in 0.00 ms.
Mono: successfully reloaded assembly
Fallback handler could not load library C:/Program Files/Unity/Hub/Editor/2020.3.16f1/Editor/Data/Mono/lib/libdl
Fallback handler could not load library C:/Program Files/Unity/Hub/Editor/2020.3.16f1/Editor/Data/Mono/lib/libdl.dll
Fallback handler could not load library C:/Program Files/Unity/Hub/Editor/2020.3.16f1/Editor/Data/Mono/lib/libdl
Fallback handler could not load library C:/Program Files/Unity/Hub/Editor/2020.3.16f1/Editor/Data/Mono/lib/libdl
Fallback handler could not load library C:/Program Files/Unity/Hub/Editor/2020.3.16f1/Editor/Data/Mono/lib/libdl.dll
Fallback handler could not load library C:/Program Files/Unity/Hub/Editor/2020.3.16f1/Editor/Data/Mono/lib/libdl
- Completed reload, in  0.841 seconds
Domain Reload Profiling:
	ReloadAssembly (841ms)
		BeginReloadAssembly (158ms)
			ExecutionOrderSort (0ms)
			DisableScriptedObjects (4ms)
			BackupInstance (0ms)
			ReleaseScriptingObjects (0ms)
			CreateAndSetChildDomain (34ms)
		EndReloadAssembly (635ms)
			LoadAssemblies (70ms)
			RebuildTransferFunctionScriptingTraits (0ms)
			SetupTypeCache (189ms)
			ReleaseScriptCaches (1ms)
			RebuildScriptCaches (29ms)
			SetupLoadedEditorAssemblies (254ms)
				LogAssemblyErrors (0ms)
				InitializePlatformSupportModulesInManaged (4ms)
				SetLoadedEditorAssemblies (0ms)
				RefreshPlugins (1ms)
				BeforeProcessingInitializeOnLoad (67ms)
				ProcessInitializeOnLoadAttributes (169ms)
				ProcessInitializeOnLoadMethodAttributes (4ms)
				AfterProcessingInitializeOnLoad (8ms)
				EditorAssembliesLoaded (0ms)
			ExecutionOrderSort2 (0ms)
			AwakeInstancesAfterBackupRestoration (10ms)
Platform modules already initialized, skipping
Refreshing native plugins compatible for Editor in 0.78 ms, found 7 plugins.
Preloading 0 native plugins for Editor in 0.00 ms.
Unloading 2081 Unused Serialized files (Serialized files now loaded: 0)
System memory in use before: 110.5 MB.
System memory in use after: 110.7 MB.

Unloading 51 unused Assets to reduce memory usage. Loaded Objects now: 2553.
Total: 3.113700 ms (FindLiveObjects: 0.252900 ms CreateObjectMapping: 0.090100 ms MarkObjects: 2.735900 ms  DeleteObjects: 0.033700 ms)

AssetImportParameters requested are different than current active one (requested -> active):
  custom:framework-win-MediaFoundation: 216162199b28c13a410421893ffa2e32 -> 
  custom:video-decoder-ogg-theora: a1e56fd34408186e4bbccfd4996cb3dc -> 
  custom:container-muxer-webm: aa71ff27fc2769a1b78a27578f13a17b -> 
  custom:container-demuxer-webm: 4f35f7cbe854078d1ac9338744f61a02 -> 
  custom:container-demuxer-ogg: 62fdf1f143b41e24485cea50d1cbac27 -> 
  custom:video-encoder-webm-vp8: eb34c28f22e8b96e1ab97ce403110664 -> 
  custom:video-codec-MediaFoundation-h265: 746d11721c4dcdbdad8f713fa42b33f4 -> 
  custom:video-decoder-webm-vp8: 9c59270c3fd7afecdb556c50c9e8de78 -> 
  custom:audio-decoder-ogg-vorbis: bf7c407c2cedff20999df2af8eb42d56 -> 
  custom:audio-encoder-webm-vorbis: bf7c407c2cedff20999df2af8eb42d56 -> 
AssetImportWorkerClient::OnTransportError - code=2 error=End of file
